[debug] [2022-12-30T18:19:27.021Z] ----------------------------------------------------------------------
[debug] [2022-12-30T18:19:27.024Z] Command:       C:\Program Files\nodejs\node.exe C:\Users\Asus\AppData\Roaming\npm\node_modules\firebase-tools\lib\bin\firebase.js init
[debug] [2022-12-30T18:19:27.024Z] CLI Version:   11.19.0
[debug] [2022-12-30T18:19:27.025Z] Platform:      win32
[debug] [2022-12-30T18:19:27.025Z] Node Version:  v18.12.0
[debug] [2022-12-30T18:19:27.025Z] Time:          Fri Dec 30 2022 23:49:27 GMT+0530 (India Standard Time)
[debug] [2022-12-30T18:19:27.025Z] ----------------------------------------------------------------------
[debug] 
[debug] [2022-12-30T18:19:27.034Z] > command requires scopes: ["email","openid","https://www.googleapis.com/auth/cloudplatformprojects.readonly","https://www.googleapis.com/auth/firebase","https://www.googleapis.com/auth/cloud-platform"]
[debug] [2022-12-30T18:19:27.035Z] > authorizing via signed-in user (mohan936855@gmail.com)
[info] 
     ######## #### ########  ######## ########     ###     ######  ########
     ##        ##  ##     ## ##       ##     ##  ##   ##  ##       ##
     ######    ##  ########  ######   ########  #########  ######  ######
     ##        ##  ##    ##  ##       ##     ## ##     ##       ## ##
     ##       #### ##     ## ######## ########  ##     ##  ######  ########

You're about to initialize a Firebase project in this directory:

  C:\Users\Asus\react-blog

[info] 
=== Project Setup
[info] 
[info] First, let's associate this project directory with a Firebase project.
[info] You can create multiple project aliases by running firebase use --add, 
[info] but for now we'll just set up a default project.
[info] 
[debug] [2022-12-30T18:20:09.715Z] >>> [apiv2][query] GET https://firebase.googleapis.com/v1beta1/projects pageSize=100
[debug] [2022-12-30T18:20:11.003Z] <<< [apiv2][status] GET https://firebase.googleapis.com/v1beta1/projects 200
[debug] [2022-12-30T18:20:11.003Z] <<< [apiv2][body] GET https://firebase.googleapis.com/v1beta1/projects [omitted]
[info] i  Using project create-hooks-blog-609a1 (create-hooks-blog) 
[info] 
=== Hosting Setup
[info] 
[info] Your public directory is the folder (relative to your project directory) that
[info] will contain Hosting assets to be uploaded with firebase deploy. If you
[info] have a build process for your assets, use your build's output directory.
[info] 
[debug] [2022-12-30T18:21:12.803Z] >>> [apiv2][query] GET https://www.gstatic.com/firebasejs/releases.json [none]
[debug] [2022-12-30T18:21:13.067Z] <<< [apiv2][status] GET https://www.gstatic.com/firebasejs/releases.json 200
[debug] [2022-12-30T18:21:13.067Z] <<< [apiv2][body] GET https://www.gstatic.com/firebasejs/releases.json {"current":{"version":"9.15.0","browserURL":"https://www.gstatic.com/firebasejs/9.15.0/firebase.js","packageURL":"https://www.gstatic.com/firebasejs/9.15.0/firebase.tgz"},"live":{"version":"9.15","browserURL":"https://www.gstatic.com/firebasejs/live/9.15/firebase.js","packageURL":"https://www.gstatic.com/firebasejs/live/9.15/firebase.tgz"},"components":{"analytics":"https://www.gstatic.com/firebasejs/9.15.0/firebase-analytics.js","app":"https://www.gstatic.com/firebasejs/9.15.0/firebase-app.js","app-check":"https://www.gstatic.com/firebasejs/9.15.0/firebase-app-check.js","auth":"https://www.gstatic.com/firebasejs/9.15.0/firebase-auth.js","auth/cordova":"https://www.gstatic.com/firebasejs/9.15.0/firebase-auth/cordova.js","auth/react-native":"https://www.gstatic.com/firebasejs/9.15.0/firebase-auth/react-native.js","functions":"https://www.gstatic.com/firebasejs/9.15.0/firebase-functions.js","firestore":"https://www.gstatic.com/firebasejs/9.15.0/firebase-firestore.js","firestore/lite":"https://www.gstatic.com/firebasejs/9.15.0/firebase-firestore/lite.js","installations":"https://www.gstatic.com/firebasejs/9.15.0/firebase-installations.js","storage":"https://www.gstatic.com/firebasejs/9.15.0/firebase-storage.js","performance":"https://www.gstatic.com/firebasejs/9.15.0/firebase-performance.js","remote-config":"https://www.gstatic.com/firebasejs/9.15.0/firebase-remote-config.js","messaging":"https://www.gstatic.com/firebasejs/9.15.0/firebase-messaging.js","messaging/sw":"https://www.gstatic.com/firebasejs/9.15.0/firebase-messaging/sw.js","database":"https://www.gstatic.com/firebasejs/9.15.0/firebase-database.js","firestore.memory":"https://www.gstatic.com/firebasejs/9.15.0/firebase-firestore.memory.js"}}
[info] i  Skipping write of build/index.html 
[info] 
[info] i  Didn't detect a .git folder. Assuming C:\Users\Asus\react-blog is the project root. 
[info] i  Authorizing with GitHub to upload your service account to a GitHub repository's secrets store. 
[info] 
[info] Visit this URL on this device to log in:
[info] https://github.com/login/oauth/authorize?client_id=89cf50f02ac6aaed3484&state=123496082&redirect_uri=http%3A%2F%2Flocalhost%3A9005&scope=read%3Auser%20repo%20public_repo
[info] 
[info] Waiting for authentication...
[debug] [2022-12-30T18:22:01.158Z] >>> [apiv2][query] POST https://github.com/login/oauth/access_token [none]
[debug] [2022-12-30T18:22:01.158Z] >>> [apiv2][body] POST https://github.com/login/oauth/access_token [stream]
[debug] [2022-12-30T18:22:01.874Z] <<< [apiv2][status] POST https://github.com/login/oauth/access_token 200
[debug] [2022-12-30T18:22:01.874Z] <<< [apiv2][body] POST https://github.com/login/oauth/access_token {"access_token":"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","token_type":"bearer","scope":"read:user,repo"}
[debug] [2022-12-30T18:22:01.883Z] >>> [apiv2][query] GET https://api.github.com/user [none]
[debug] [2022-12-30T18:22:02.815Z] <<< [apiv2][status] GET https://api.github.com/user 200
[debug] [2022-12-30T18:22:02.815Z] <<< [apiv2][body] GET https://api.github.com/user {"login":"Mohan-Chandra-Sharma1","id":120721761,"node_id":"U_kgDOBzIRYQ","avatar_url":"https://avatars.githubusercontent.com/u/120721761?v=4","gravatar_id":"","url":"https://api.github.com/users/Mohan-Chandra-Sharma1","html_url":"https://github.com/Mohan-Chandra-Sharma1","followers_url":"https://api.github.com/users/Mohan-Chandra-Sharma1/followers","following_url":"https://api.github.com/users/Mohan-Chandra-Sharma1/following{/other_user}","gists_url":"https://api.github.com/users/Mohan-Chandra-Sharma1/gists{/gist_id}","starred_url":"https://api.github.com/users/Mohan-Chandra-Sharma1/starred{/owner}{/repo}","subscriptions_url":"https://api.github.com/users/Mohan-Chandra-Sharma1/subscriptions","organizations_url":"https://api.github.com/users/Mohan-Chandra-Sharma1/orgs","repos_url":"https://api.github.com/users/Mohan-Chandra-Sharma1/repos","events_url":"https://api.github.com/users/Mohan-Chandra-Sharma1/events{/privacy}","received_events_url":"https://api.github.com/users/Mohan-Chandra-Sharma1/received_events","type":"User","site_admin":false,"name":"Mohan chandra sharma","company":"Any","blog":"","location":null,"email":null,"hireable":null,"bio":null,"twitter_username":null,"public_repos":0,"public_gists":0,"followers":0,"following":0,"created_at":"2022-12-16T11:05:21Z","updated_at":"2022-12-27T07:33:19Z","private_gists":0,"total_private_repos":2,"owned_private_repos":2,"disk_usage":8,"collaborators":0,"two_factor_authentication":false,"plan":{"name":"free","space":976562499,"collaborators":0,"private_repos":10000}}
[info] 
[info] +  Success! Logged into GitHub as Mohan-Chandra-Sharma1 
[info] 
[debug] [2022-12-30T18:23:35.415Z] >>> [apiv2][query] GET https://api.github.com/repos/firebase deploy/actions/secrets/public-key type=owner
[debug] [2022-12-30T18:23:36.200Z] <<< [apiv2][status] GET https://api.github.com/repos/firebase deploy/actions/secrets/public-key 404
[debug] [2022-12-30T18:23:36.200Z] <<< [apiv2][body] GET https://api.github.com/repos/firebase deploy/actions/secrets/public-key {"message":"Not Found","documentation_url":"https://docs.github.com/rest"}
[debug] [2022-12-30T18:23:42.075Z] >>> [apiv2][query] GET https://api.github.com/repos/firebase deploy/actions/secrets/public-key type=owner
[debug] [2022-12-30T18:23:42.301Z] >>> [apiv2][query] GET https://api.github.com/repos//actions/secrets/public-key type=owner
[debug] [2022-12-30T18:23:42.753Z] <<< [apiv2][status] GET https://api.github.com/repos/firebase deploy/actions/secrets/public-key 404
[debug] [2022-12-30T18:23:42.754Z] <<< [apiv2][body] GET https://api.github.com/repos/firebase deploy/actions/secrets/public-key {"message":"Not Found","documentation_url":"https://docs.github.com/rest"}
[debug] [2022-12-30T18:23:42.772Z] <<< [apiv2][status] GET https://api.github.com/repos//actions/secrets/public-key 404
[debug] [2022-12-30T18:23:42.773Z] <<< [apiv2][body] GET https://api.github.com/repos//actions/secrets/public-key {"message":"Not Found","documentation_url":"https://docs.github.com/rest"}
[debug] [2022-12-30T18:23:43.233Z] >>> [apiv2][query] GET https://api.github.com/repos/firebase deploy/actions/secrets/public-key type=owner
[debug] [2022-12-30T18:23:43.403Z] >>> [apiv2][query] GET https://api.github.com/repos//actions/secrets/public-key type=owner
[debug] [2022-12-30T18:23:43.985Z] <<< [apiv2][status] GET https://api.github.com/repos//actions/secrets/public-key 404
[debug] [2022-12-30T18:23:43.985Z] <<< [apiv2][body] GET https://api.github.com/repos//actions/secrets/public-key {"message":"Not Found","documentation_url":"https://docs.github.com/rest"}
[debug] [2022-12-30T18:23:43.986Z] <<< [apiv2][status] GET https://api.github.com/repos/firebase deploy/actions/secrets/public-key 404
[debug] [2022-12-30T18:23:43.986Z] <<< [apiv2][body] GET https://api.github.com/repos/firebase deploy/actions/secrets/public-key {"message":"Not Found","documentation_url":"https://docs.github.com/rest"}
[debug] [2022-12-30T18:23:44.244Z] >>> [apiv2][query] GET https://api.github.com/repos/firebase deploy/actions/secrets/public-key type=owner
[debug] [2022-12-30T18:23:44.709Z] <<< [apiv2][status] GET https://api.github.com/repos/firebase deploy/actions/secrets/public-key 404
[debug] [2022-12-30T18:23:44.709Z] <<< [apiv2][body] GET https://api.github.com/repos/firebase deploy/actions/secrets/public-key {"message":"Not Found","documentation_url":"https://docs.github.com/rest"}
[debug] [2022-12-30T18:24:36.844Z] >>> [apiv2][query] GET https://api.github.com/repos/repo/actions/secrets/public-key type=owner
[debug] [2022-12-30T18:24:37.488Z] <<< [apiv2][status] GET https://api.github.com/repos/repo/actions/secrets/public-key 404
[debug] [2022-12-30T18:24:37.488Z] <<< [apiv2][body] GET https://api.github.com/repos/repo/actions/secrets/public-key {"message":"Not Found","documentation_url":"https://docs.github.com/rest"}
[debug] [2022-12-30T18:24:55.422Z] >>> [apiv2][query] GET https://api.github.com/repos/user/repository/actions/secrets/public-key type=owner
[debug] [2022-12-30T18:24:56.071Z] <<< [apiv2][status] GET https://api.github.com/repos/user/repository/actions/secrets/public-key 404
[debug] [2022-12-30T18:24:56.071Z] <<< [apiv2][body] GET https://api.github.com/repos/user/repository/actions/secrets/public-key {"message":"Not Found","documentation_url":"https://docs.github.com/rest/reference/actions#get-a-repository-public-key"}
[debug] [2022-12-30T18:25:09.477Z] >>> [apiv2][query] GET https://api.github.com/repos/build/actions/secrets/public-key type=owner
[debug] [2022-12-30T18:25:10.201Z] <<< [apiv2][status] GET https://api.github.com/repos/build/actions/secrets/public-key 404
[debug] [2022-12-30T18:25:10.201Z] <<< [apiv2][body] GET https://api.github.com/repos/build/actions/secrets/public-key {"message":"Not Found","documentation_url":"https://docs.github.com/rest"}
[debug] [2022-12-30T18:25:21.511Z] >>> [apiv2][query] GET https://api.github.com/repos/buildMohan-Chandra-Sharma1/actions/secrets/public-key type=owner
[debug] [2022-12-30T18:25:22.283Z] <<< [apiv2][status] GET https://api.github.com/repos/buildMohan-Chandra-Sharma1/actions/secrets/public-key 404
[debug] [2022-12-30T18:25:22.283Z] <<< [apiv2][body] GET https://api.github.com/repos/buildMohan-Chandra-Sharma1/actions/secrets/public-key {"message":"Not Found","documentation_url":"https://docs.github.com/rest"}
[debug] [2022-12-30T18:25:31.566Z] >>> [apiv2][query] GET https://api.github.com/repos/Mohan-Chandra-Sharma1/actions/secrets/public-key type=owner
[debug] [2022-12-30T18:25:32.319Z] <<< [apiv2][status] GET https://api.github.com/repos/Mohan-Chandra-Sharma1/actions/secrets/public-key 404
[debug] [2022-12-30T18:25:32.319Z] <<< [apiv2][body] GET https://api.github.com/repos/Mohan-Chandra-Sharma1/actions/secrets/public-key {"message":"Not Found","documentation_url":"https://docs.github.com/rest"}
[debug] [2022-12-30T18:25:33.830Z] >>> [apiv2][query] GET https://api.github.com/repos/Mohan-Chandra-Sharma1/actions/secrets/public-key type=owner
[debug] [2022-12-30T18:25:34.776Z] <<< [apiv2][status] GET https://api.github.com/repos/Mohan-Chandra-Sharma1/actions/secrets/public-key 404
[debug] [2022-12-30T18:25:34.776Z] <<< [apiv2][body] GET https://api.github.com/repos/Mohan-Chandra-Sharma1/actions/secrets/public-key {"message":"Not Found","documentation_url":"https://docs.github.com/rest"}
